#
# There is insufficient memory for the Java Runtime Environment to continue.
# Native memory allocation (mmap) failed to map 134217728 bytes for Failed to commit area from 0x0000000080e00000 to 0x0000000088e00000 of length 134217728.
# Possible reasons:
#   The system is out of physical RAM or swap space
#   The process is running with CompressedOops enabled, and the Java Heap may be blocking the growth of the native heap
# Possible solutions:
#   Reduce memory load on the system
#   Increase physical memory or swap space
#   Check if swap backing store is full
#   Decrease Java heap size (-Xmx/-Xms)
#   Decrease number of Java threads
#   Decrease Java thread stack sizes (-Xss)
#   Set larger code cache with -XX:ReservedCodeCacheSize=
# This output file may be truncated or incomplete.
#
#  Out of Memory Error (./src/hotspot/os/windows/os_windows.cpp:3511), pid=11052, tid=24316
#
# JRE version:  (11.0.11+9) (build )
# Java VM: OpenJDK 64-Bit Server VM (11.0.11+9-b1504.13, mixed mode, sharing, tiered, compressed oops, g1 gc, windows-amd64)
# No core dump will be written. Minidumps are not enabled by default on client versions of Windows
#

---------------  S U M M A R Y ------------

Command Line: -Djava.rmi.server.hostname=127.0.0.1 -Duser.timezone=UTC -Xmx2033m -Xms128m -Dfile.encoding=UTF-8 com.intellij.database.remote.RemoteJdbcServer com.mysql.cj.jdbc.Driver

Host: Intel(R) Core(TM) i7-3630QM CPU @ 2.40GHz, 8 cores, 15G,  Windows 10 , 64 bit Build 19041 (10.0.19041.1151)
Time: Wed Aug 25 10:02:42 2021 W. Europe Summer Time elapsed time: 0.025174 seconds (0d 0h 0m 0s)

---------------  T H R E A D  ---------------

Current thread (0x0000022a4d5dc000):  JavaThread "Unknown thread" [_thread_in_vm, id=24316, stack(0x000000aa47e00000,0x000000aa47f00000)]

Stack: [0x000000aa47e00000,0x000000aa47f00000]
Native frames: (J=compiled Java code, j=interpreted, Vv=VM code, C=native code)
V  [jvm.dll+0x5f5d5a]
V  [jvm.dll+0x7798b5]
V  [jvm.dll+0x77aecd]
V  [jvm.dll+0x77b583]
V  [jvm.dll+0x244978]
V  [jvm.dll+0x5f3174]
V  [jvm.dll+0x5e7d55]
V  [jvm.dll+0x30068b]
V  [jvm.dll+0x3005fa]
V  [jvm.dll+0x3004d2]
V  [jvm.dll+0x3053c6]
V  [jvm.dll+0x34e0a3]
V  [jvm.dll+0x34e7a6]
V  [jvm.dll+0x34e1a3]
V  [jvm.dll+0x2db0c8]
V  [jvm.dll+0x2dc267]
V  [jvm.dll+0x758057]
V  [jvm.dll+0x75984c]
V  [jvm.dll+0x35b659]
V  [jvm.dll+0x73b67e]
V  [jvm.dll+0x3c39f3]
V  [jvm.dll+0x3c5dd1]
C  [jli.dll+0x5373]
C  [ucrtbase.dll+0x21bb2]
C  [KERNEL32.DLL+0x17034]
C  [ntdll.dll+0x52651]


---------------  P R O C E S S  ---------------

Threads class SMR info:
_java_thread_list=0x0000022a4b443400, length=0, elements={
}

Java Threads: ( => current thread )

Other Threads:
  0x0000022a4d5f4800 GCTaskThread "GC Thread#0" [stack: 0x000000aa47f00000,0x000000aa48000000] [id=22232]
  0x0000022a4d628800 ConcurrentGCThread "G1 Main Marker" [stack: 0x000000aa48000000,0x000000aa48100000] [id=8596]
  0x0000022a4d629800 ConcurrentGCThread "G1 Conc#0" [stack: 0x000000aa48100000,0x000000aa48200000] [id=19816]

[error occurred during error reporting (printing all threads), id 0xc0000005, EXCEPTION_ACCESS_VIOLATION (0xc0000005) at pc=0x00007ffe5230b8f7]

VM state:not at safepoint (not fully initialized)

VM Mutex/Monitor currently owned by a thread:  ([mutex/lock_event])
[0x0000022a4d5da280] Heap_lock - owner thread: 0x0000022a4d5dc000

Heap address: 0x0000000080e00000, size: 2034 MB, Compressed Oops mode: Non-zero based: 0x0000000080e00000
Narrow klass base: 0x0000000000000000, Narrow klass shift: 0

GC Heap History (0 events):
No events

Deoptimization events (0 events):
No events

Classes redefined (0 events):
No events

Internal exceptions (0 events):
No events

Events (1 events):
Event: 0.016 Loaded shared library C:\Program Files\JetBrains\IntelliJ IDEA 2020.3.2\jbr\bin\zip.dll


Dynamic libraries:
0x00007ff720f90000 - 0x00007ff720f9a000 	C:\Program Files\JetBrains\IntelliJ IDEA 2020.3.2\jbr\bin\java.exe
0x00007ffe94370000 - 0x00007ffe94565000 	C:\WINDOWS\SYSTEM32\ntdll.dll
0x00007ffe935c0000 - 0x00007ffe9367d000 	C:\WINDOWS\System32\KERNEL32.DLL
0x00007ffe91b30000 - 0x00007ffe91df9000 	C:\WINDOWS\System32\KERNELBASE.dll
0x00007ffe922d0000 - 0x00007ffe923d0000 	C:\WINDOWS\System32\ucrtbase.dll
0x00007ffe869b0000 - 0x00007ffe869c7000 	C:\Program Files\JetBrains\IntelliJ IDEA 2020.3.2\jbr\bin\VCRUNTIME140.dll
0x00007ffe874f0000 - 0x00007ffe87509000 	C:\Program Files\JetBrains\IntelliJ IDEA 2020.3.2\jbr\bin\jli.dll
0x00007ffe92f50000 - 0x00007ffe930f0000 	C:\WINDOWS\System32\USER32.dll
0x00007ffe91e00000 - 0x00007ffe91e22000 	C:\WINDOWS\System32\win32u.dll
0x00007ffe81690000 - 0x00007ffe8192a000 	C:\WINDOWS\WinSxS\amd64_microsoft.windows.common-controls_6595b64144ccf1df_6.0.19041.1110_none_60b5254171f9507e\COMCTL32.dll
0x00007ffe940c0000 - 0x00007ffe940ea000 	C:\WINDOWS\System32\GDI32.dll
0x00007ffe91e30000 - 0x00007ffe91f3b000 	C:\WINDOWS\System32\gdi32full.dll
0x00007ffe93fc0000 - 0x00007ffe9405e000 	C:\WINDOWS\System32\msvcrt.dll
0x00007ffe91f40000 - 0x00007ffe91fdd000 	C:\WINDOWS\System32\msvcp_win.dll
0x00007ffe92b30000 - 0x00007ffe92b60000 	C:\WINDOWS\System32\IMM32.DLL
0x00007ffe77010000 - 0x00007ffe770ad000 	C:\Program Files\JetBrains\IntelliJ IDEA 2020.3.2\jbr\bin\msvcp140.dll
0x00007ffe52020000 - 0x00007ffe52b6a000 	C:\Program Files\JetBrains\IntelliJ IDEA 2020.3.2\jbr\bin\server\jvm.dll
0x00007ffe92d20000 - 0x00007ffe92dcc000 	C:\WINDOWS\System32\ADVAPI32.dll
0x00007ffe92610000 - 0x00007ffe926ab000 	C:\WINDOWS\System32\sechost.dll
0x00007ffe93680000 - 0x00007ffe937aa000 	C:\WINDOWS\System32\RPCRT4.dll
0x00007ffe94170000 - 0x00007ffe94178000 	C:\WINDOWS\System32\PSAPI.DLL
0x00007ffe84640000 - 0x00007ffe84667000 	C:\WINDOWS\SYSTEM32\WINMM.dll
0x00007ffe86de0000 - 0x00007ffe86dea000 	C:\WINDOWS\SYSTEM32\VERSION.dll
0x00007ffe80050000 - 0x00007ffe80059000 	C:\WINDOWS\SYSTEM32\WSOCK32.dll
0x00007ffe93450000 - 0x00007ffe934bb000 	C:\WINDOWS\System32\WS2_32.dll
0x00007ffe8f970000 - 0x00007ffe8f982000 	C:\WINDOWS\SYSTEM32\kernel.appcore.dll
0x00007ffe8d550000 - 0x00007ffe8d561000 	C:\Program Files\JetBrains\IntelliJ IDEA 2020.3.2\jbr\bin\verify.dll
0x00007ffe85cb0000 - 0x00007ffe85e94000 	C:\WINDOWS\SYSTEM32\DBGHELP.DLL
0x00007ffe80020000 - 0x00007ffe8004c000 	C:\WINDOWS\SYSTEM32\dbgcore.DLL
0x00007ffe91aa0000 - 0x00007ffe91b23000 	C:\WINDOWS\System32\bcryptPrimitives.dll
0x00007ffe87b40000 - 0x00007ffe87b69000 	C:\Program Files\JetBrains\IntelliJ IDEA 2020.3.2\jbr\bin\java.dll
0x00007ffe8f230000 - 0x00007ffe8f23b000 	C:\Program Files\JetBrains\IntelliJ IDEA 2020.3.2\jbr\bin\jimage.dll
0x00007ffe8c1d0000 - 0x00007ffe8c1e8000 	C:\Program Files\JetBrains\IntelliJ IDEA 2020.3.2\jbr\bin\zip.dll

dbghelp: loaded successfully - version: 4.0.5 - missing functions: none
symbol engine: initialized successfully - sym options: 0x614 - pdb path: .;C:\Program Files\JetBrains\IntelliJ IDEA 2020.3.2\jbr\bin;C:\WINDOWS\SYSTEM32;C:\WINDOWS\WinSxS\amd64_microsoft.windows.common-controls_6595b64144ccf1df_6.0.19041.1110_none_60b5254171f9507e;C:\Program Files\JetBrains\IntelliJ IDEA 2020.3.2\jbr\bin\server

VM Arguments:
jvm_args: -Djava.rmi.server.hostname=127.0.0.1 -Duser.timezone=UTC -Xmx2033m -Xms128m -Dfile.encoding=UTF-8 
java_command: com.intellij.database.remote.RemoteJdbcServer com.mysql.cj.jdbc.Driver
java_class_path (initial): C:\Program Files\JetBrains\IntelliJ IDEA 2020.3.2\lib\util.jar;C:\Program Files\JetBrains\IntelliJ IDEA 2020.3.2\lib\groovy-2.5.14.jar;C:\Program Files\JetBrains\IntelliJ IDEA 2020.3.2\plugins\DatabaseTools\lib\jdbc-console.jar;C:\Users\farru\AppData\Roaming\JetBrains\IntelliJIdea2021.2\jdbc-drivers\MySQL ConnectorJ\8.0.21\mysql-connector-java-8.0.21.jar
Launcher Type: SUN_STANDARD

[Global flags]
     intx CICompilerCount                          = 4                                         {product} {ergonomic}
     uint ConcGCThreads                            = 2                                         {product} {ergonomic}
     uint G1ConcRefinementThreads                  = 8                                         {product} {ergonomic}
   size_t G1HeapRegionSize                         = 1048576                                   {product} {ergonomic}
    uintx GCDrainStackTargetSize                   = 64                                        {product} {ergonomic}
   size_t InitialHeapSize                          = 134217728                                 {product} {command line}
   size_t MarkStackSize                            = 4194304                                   {product} {ergonomic}
   size_t MaxHeapSize                              = 2132803584                                {product} {command line, ergonomic}
   size_t MinHeapDeltaBytes                        = 1048576                                   {product} {ergonomic}
    uintx NonNMethodCodeHeapSize                   = 5836300                                {pd product} {ergonomic}
    uintx NonProfiledCodeHeapSize                  = 122910970                              {pd product} {ergonomic}
    uintx ProfiledCodeHeapSize                     = 122910970                              {pd product} {ergonomic}
    uintx ReservedCodeCacheSize                    = 251658240                              {pd product} {ergonomic}
     bool SegmentedCodeCache                       = true                                      {product} {ergonomic}
     bool UseCompressedClassPointers               = true                                 {lp64_product} {ergonomic}
     bool UseCompressedOops                        = true                                 {lp64_product} {ergonomic}
     bool UseG1GC                                  = true                                      {product} {ergonomic}
     bool UseLargePagesIndividualAllocation        = false                                  {pd product} {ergonomic}

Logging:
Log output configuration:
 #0: stdout all=warning uptime,level,tags
 #1: stderr all=off uptime,level,tags

Environment Variables:
JAVA_HOME=C:\Program Files\Java\jdk-16.0.1
PATH=C:\ProgramData\Oracle\Java\javapath;C:\Program Files (x86)\Notepad++;C:\Program Files (x86)\Common Files\Oracle\Java\javapath;C:\Program Files\Common Files\Oracle\Java\javapath;C:\Program Files (x86)\Intel\iCLS Client\;C:\Program Files\Intel\iCLS Client\;C:\WINDOWS\system32;C:\WINDOWS;C:\WINDOWS\System32\Wbem;C:\WINDOWS\System32\WindowsPowerShell\v1.0\;C:\WINDOWS\System32\OpenSSH\;C:\Program Files\Intel\Intel(R) Management Engine Components\DAL;C:\Program Files\Intel\Intel(R) Management Engine Components\IPT;C:\Program Files (x86)\Intel\Intel(R) Management Engine Components\DAL;C:\Program Files (x86)\Intel\Intel(R) Management Engine Components\IPT;C:\Program Files\Git\cmd;C:\Program Files\Intel\WiFi\bin\;C:\Program Files\Common Files\Intel\WirelessCommon\;C:\Program Files\MySQL\MySQL Utilities 1.6\;C:\Program Files\Java\jdk-16.0.1\bin;;C:\Program Files\Docker\Docker\resources\bin;C:\ProgramData\DockerDesktop\version-bin;C:\Users\farru\AppData\Local\Microsoft\WindowsApps;C:\Program Files\Java\jdk-16.0.1\bin;C:\Users\farru\AppData\Local\GitHubDesktop\bin;C:\opt\apache-maven-3.8.1\bin;C:\Users\farru\AppData\Local\Programs\Microsoft VS Code\bin;C:\Program Files\Intel\WiFi\bin\;C:\Program Files\Common Files\Intel\WirelessCommon\;C:\Program Files\JetBrains\DataGrip 2021.1\bin;;
USERNAME=farrukh
OS=Windows_NT
PROCESSOR_IDENTIFIER=Intel64 Family 6 Model 58 Stepping 9, GenuineIntel



---------------  S Y S T E M  ---------------

OS: Windows 10 , 64 bit Build 19041 (10.0.19041.1151)
OS uptime: 6 days 23:11 hours
Hyper-V role detected

CPU:total 8 (initial active 8) (4 cores per cpu, 2 threads per core) family 6 model 58 stepping 9 microcode 0x21, cmov, cx8, fxsr, mmx, sse, sse2, sse3, ssse3, sse4.1, sse4.2, popcnt, avx, aes, clmul, erms, ht, tsc, tscinvbit, tscinv

Memory: 4k page, system-wide physical 16269M (1421M free)
TotalPageFile size 22869M (AvailPageFile size 126M)
current process WorkingSet (physical memory assigned to process): 10M, peak: 10M
current process commit charge ("private bytes"): 60M, peak: 187M

vm_info: OpenJDK 64-Bit Server VM (11.0.11+9-b1504.13) for windows-amd64 JRE (11.0.11+9-b1504.13), built on Jul 18 2021 03:17:44 by "" with MS VC++ 14.0 (VS2015)

END.
